<?xml version="1.0" encoding="UTF-8"?>
<!-- Generated by org.testng.reporters.JUnitReportReporter -->
<testsuite hostname="kumar-PC" name="jenk.jenkmavTest" tests="2" failures="0" timestamp="25 Aug 2016 10:53:25 GMT" time="0.012" errors="0">
  <testcase name="f" time="0.012" classname="jenk.jenkmavTest"/>
  <testcase name="newfunc" time="0.000" classname="jenk.jenkmavTest"/>
</testsuite> <!-- jenk.jenkmavTest -->
