<?xml version="1.0" encoding="UTF-8"?>
<!-- Generated by org.testng.reporters.JUnitReportReporter -->
<testsuite hostname="kumar-PC" name="jenk.secondlassTest" tests="1" failures="0" timestamp="29 Sep 2016 09:57:36 GMT" time="0.000" errors="0">
  <testcase name="f11" time="0.000" classname="jenk.secondlassTest"/>
</testsuite> <!-- jenk.secondlassTest -->
