<?xml version="1.0" encoding="UTF-8"?>
<!-- Generated by org.testng.reporters.JUnitReportReporter -->
<testsuite hostname="kumar-PC" name="jenk.secondlassTest" tests="1" failures="0" timestamp="25 Aug 2016 10:53:26 GMT" time="0.000" errors="0">
  <testcase name="f" time="0.000" classname="jenk.secondlassTest"/>
</testsuite> <!-- jenk.secondlassTest -->
